<?xml version="1.0" encoding="UTF-8"?>
<!-- Generated by org.testng.reporters.JUnitReportReporter -->
<testsuite hostname="DESKTOP-K9RG9Q4" failures="0" tests="2" name="com.mystore.testcases.HomePageTest" time="37.737" errors="0" timestamp="2022-05-23T19:20:22 IST" skipped="0">
  <testcase classname="com.mystore.testcases.HomePageTest" name="orderHistoryandDetailsTest" time="16.692"/>
  <system-out/>
  <testcase classname="com.mystore.testcases.HomePageTest" name="wishListTest" time="21.045"/>
  <system-out/>
</testsuite> <!-- com.mystore.testcases.HomePageTest -->
