<?xml version="1.0" encoding="UTF-8"?>
<!-- Generated by org.testng.reporters.JUnitReportReporter -->
<testsuite hostname="DESKTOP-K9RG9Q4" failures="0" tests="2" name="com.mystore.testcases.IndexPageTest" time="19.751" errors="0" timestamp="2022-05-23T19:20:22 IST" skipped="0">
  <testcase classname="com.mystore.testcases.IndexPageTest" name="verifyLogo" time="9.448"/>
  <system-out/>
  <testcase classname="com.mystore.testcases.IndexPageTest" name="verifyTitle" time="10.303"/>
  <system-out/>
</testsuite> <!-- com.mystore.testcases.IndexPageTest -->
